<?xml version="1.0" encoding="UTF-8"?>
<testng-results ignored="0" total="1" passed="1" failed="0" skipped="0">
  <reporter-output>
  </reporter-output>
  <suite started-at="2024-06-25T12:15:58Z" name="Default suite" finished-at="2024-06-25T12:16:13Z" duration-ms="14939">
    <groups>
    </groups>
    <test started-at="2024-06-25T12:15:58Z" name="Default test" finished-at="2024-06-25T12:16:13Z" duration-ms="14939">
      <class name="org.testng.LearningTest">
        <test-method is-config="true" signature="start()[pri:0, instance:org.testng.LearningTest@402c4085]" started-at="2024-06-25T12:15:58Z" name="start" finished-at="2024-06-25T12:16:12Z" duration-ms="13433" status="PASS">
          <reporter-output>
          </reporter-output>
        </test-method> <!-- start -->
        <test-method is-config="true" signature="beforemethod()[pri:0, instance:org.testng.LearningTest@402c4085]" started-at="2024-06-25T12:16:12Z" name="beforemethod" finished-at="2024-06-25T12:16:12Z" duration-ms="19" status="PASS">
          <reporter-output>
          </reporter-output>
        </test-method> <!-- beforemethod -->
        <test-method signature="maintest()[pri:0, instance:org.testng.LearningTest@402c4085]" started-at="2024-06-25T12:16:12Z" name="maintest" finished-at="2024-06-25T12:16:13Z" duration-ms="1446" status="PASS">
          <reporter-output>
          </reporter-output>
        </test-method> <!-- maintest -->
        <test-method is-config="true" signature="aftermethod()[pri:0, instance:org.testng.LearningTest@402c4085]" started-at="2024-06-25T12:16:13Z" name="aftermethod" finished-at="2024-06-25T12:16:13Z" duration-ms="3" status="PASS">
          <reporter-output>
          </reporter-output>
        </test-method> <!-- aftermethod -->
      </class> <!-- org.testng.LearningTest -->
    </test> <!-- Default test -->
  </suite> <!-- Default suite -->
</testng-results>
